<?xml version="1.0" encoding="UTF-8"?>
<!-- Generated by org.testng.reporters.JUnitXMLReporter -->
<testsuite ignored="0" hostname="INPNQLT153" failures="1" tests="1" name="Default test" time="0.193" errors="0" timestamp="2023-03-10T11:34:13 IST">
  <testcase classname="io.cucumber.testng.AbstractTestNGCucumberTests" name="runScenario" time="0.049">
    <failure type="io.cucumber.java.PendingException" message="TODO: implement me">
      <![CDATA[io.cucumber.java.PendingException: TODO: implement me
at stepDefination.greenCartStepDefination.user_is_on_greencart_landing_page(greenCartStepDefination.java:11)
at ✽.User is on Greencart Landing page(file:///home/sadiya/eclipse-workspace/CucumberProject/src/test/java/feature/searchProduct.feature:22)
]]>
    </failure>
  </testcase> <!-- runScenario -->
</testsuite> <!-- Default test -->
