<?xml version="1.0" encoding="UTF-8"?>
<!-- Generated by org.testng.reporters.JUnitReportReporter -->
<testsuite hostname="INPNQLT153" failures="0" tests="1" name="cucumberOption.TestNgRunner" time="0.049" errors="1" timestamp="2023-03-10T11:34:13 IST" skipped="0">
  <testcase classname="cucumberOption.TestNgRunner" name="runScenario" time="0.049">
    <error message="TODO: implement me" type="io.cucumber.java.PendingException">
      <![CDATA[io.cucumber.java.PendingException: TODO: implement me
at stepDefination.greenCartStepDefination.user_is_on_greencart_landing_page(greenCartStepDefination.java:11)
at ✽.User is on Greencart Landing page(file:///home/sadiya/eclipse-workspace/CucumberProject/src/test/java/feature/searchProduct.feature:22)
]]>
    </error>
  </testcase> <!-- runScenario -->
  <system-out/>
</testsuite> <!-- cucumberOption.TestNgRunner -->
